  [1m[36mActiveRecord::SchemaMigration Load (0.5ms)[0m  [1mSELECT "schema_migrations".* FROM "schema_migrations"[0m
  [1m[35mActiveRecord::SchemaMigration Load (0.3ms)[0m  SELECT "schema_migrations".* FROM "schema_migrations"
  [1m[36m (3.3ms)[0m  [1mSELECT t2.oid::regclass::text AS to_table, a1.attname AS column, a2.attname AS primary_key, c.conname AS name, c.confupdtype AS on_update, c.confdeltype AS on_delete
FROM pg_constraint c
JOIN pg_class t1 ON c.conrelid = t1.oid
JOIN pg_class t2 ON c.confrelid = t2.oid
JOIN pg_attribute a1 ON a1.attnum = c.conkey[1] AND a1.attrelid = t1.oid
JOIN pg_attribute a2 ON a2.attnum = c.confkey[1] AND a2.attrelid = t2.oid
JOIN pg_namespace t3 ON c.connamespace = t3.oid
WHERE c.contype = 'f'
  AND t1.relname = 'brands'
  AND t3.nspname = ANY (current_schemas(false))
ORDER BY c.conname
[0m
  [1m[35m (2.8ms)[0m  SELECT t2.oid::regclass::text AS to_table, a1.attname AS column, a2.attname AS primary_key, c.conname AS name, c.confupdtype AS on_update, c.confdeltype AS on_delete
FROM pg_constraint c
JOIN pg_class t1 ON c.conrelid = t1.oid
JOIN pg_class t2 ON c.confrelid = t2.oid
JOIN pg_attribute a1 ON a1.attnum = c.conkey[1] AND a1.attrelid = t1.oid
JOIN pg_attribute a2 ON a2.attnum = c.confkey[1] AND a2.attrelid = t2.oid
JOIN pg_namespace t3 ON c.connamespace = t3.oid
WHERE c.contype = 'f'
  AND t1.relname = 'users'
  AND t3.nspname = ANY (current_schemas(false))
ORDER BY c.conname

  [1m[36mSQL (0.2ms)[0m  [1mCREATE EXTENSION IF NOT EXISTS "plpgsql"[0m
  [1m[35m (37.3ms)[0m  DROP TABLE "brands" CASCADE
  [1m[36m (111.8ms)[0m  [1mCREATE TABLE "brands" ("id" serial primary key, "name" character varying, "references" integer, "created_at" timestamp NOT NULL, "updated_at" timestamp NOT NULL) [0m
  [1m[35m (8.9ms)[0m  DROP TABLE "users" CASCADE
  [1m[36m (115.6ms)[0m  [1mCREATE TABLE "users" ("id" serial primary key, "email" character varying DEFAULT '' NOT NULL, "encrypted_password" character varying DEFAULT '' NOT NULL, "reset_password_token" character varying, "reset_password_sent_at" timestamp, "remember_created_at" timestamp, "sign_in_count" integer DEFAULT 0 NOT NULL, "current_sign_in_at" timestamp, "last_sign_in_at" timestamp, "current_sign_in_ip" inet, "last_sign_in_ip" inet, "created_at" timestamp NOT NULL, "updated_at" timestamp NOT NULL, "phone" character varying, "gender" boolean, "subscribe" boolean, "address" character varying, "citycode" character varying, "city" character varying) [0m
  [1m[35m (61.8ms)[0m  CREATE UNIQUE INDEX  "index_users_on_email" ON "users" USING btree ("email")
  [1m[36m (62.3ms)[0m  [1mCREATE UNIQUE INDEX  "index_users_on_reset_password_token" ON "users" USING btree ("reset_password_token")[0m
  [1m[35m (0.6ms)[0m  SELECT version FROM "schema_migrations"
  [1m[36mSQL (0.5ms)[0m  [1mCREATE EXTENSION IF NOT EXISTS "plpgsql"[0m
  [1m[35m (22.0ms)[0m  DROP TABLE "brands" CASCADE
  [1m[36m (122.1ms)[0m  [1mCREATE TABLE "brands" ("id" serial primary key, "name" character varying, "references" integer, "created_at" timestamp NOT NULL, "updated_at" timestamp NOT NULL) [0m
  [1m[35m (9.5ms)[0m  DROP TABLE "users" CASCADE
  [1m[36m (130.1ms)[0m  [1mCREATE TABLE "users" ("id" serial primary key, "email" character varying DEFAULT '' NOT NULL, "encrypted_password" character varying DEFAULT '' NOT NULL, "reset_password_token" character varying, "reset_password_sent_at" timestamp, "remember_created_at" timestamp, "sign_in_count" integer DEFAULT 0 NOT NULL, "current_sign_in_at" timestamp, "last_sign_in_at" timestamp, "current_sign_in_ip" inet, "last_sign_in_ip" inet, "created_at" timestamp NOT NULL, "updated_at" timestamp NOT NULL, "phone" character varying, "gender" boolean, "subscribe" boolean, "address" character varying, "citycode" character varying, "city" character varying) [0m
  [1m[35m (73.7ms)[0m  CREATE UNIQUE INDEX  "index_users_on_email" ON "users" USING btree ("email")
  [1m[36m (73.8ms)[0m  [1mCREATE UNIQUE INDEX  "index_users_on_reset_password_token" ON "users" USING btree ("reset_password_token")[0m
  [1m[35m (0.6ms)[0m  SELECT version FROM "schema_migrations"
  [1m[36mActiveRecord::SchemaMigration Load (0.6ms)[0m  [1mSELECT "schema_migrations".* FROM "schema_migrations"[0m
  [1m[35mSQL (0.8ms)[0m  DELETE FROM "users"
  [1m[36m (0.3ms)[0m  [1mBEGIN[0m
  [1m[35mUser Exists (0.8ms)[0m  SELECT  1 AS one FROM "users" WHERE "users"."email" = 'admin@admin.com' LIMIT 1
  [1m[36mSQL (1.0ms)[0m  [1mINSERT INTO "users" ("email", "encrypted_password", "created_at", "updated_at") VALUES ($1, $2, $3, $4) RETURNING "id"[0m  [["email", "admin@admin.com"], ["encrypted_password", "$2a$10$KEnhbcOWgPPrJ9AYd8HESuRv1WQ4t3yoMflubzIuTuWOv05b7Gky2"], ["created_at", "2016-02-25 10:51:23.471236"], ["updated_at", "2016-02-25 10:51:23.471236"]]
  [1m[35m (28.6ms)[0m  COMMIT


Started GET "/" for 127.0.0.1 at 2016-02-25 11:55:28 +0100
  [1m[36mActiveRecord::SchemaMigration Load (0.9ms)[0m  [1mSELECT "schema_migrations".* FROM "schema_migrations"[0m
Processing by ApplicationController#page_vide as HTML
  [1m[35mUser Load (0.9ms)[0m  SELECT  "users".* FROM "users" WHERE "users"."id" = $1  ORDER BY "users"."id" ASC LIMIT 1  [["id", 2]]
Completed 401 Unauthorized in 46ms (ActiveRecord: 6.0ms)


Started GET "/users/sign_in" for 127.0.0.1 at 2016-02-25 11:55:28 +0100
Processing by Devise::SessionsController#new as HTML
  Rendered devise/shared/_links.html.erb (1.3ms)
  Rendered devise/sessions/new.html.erb within layouts/application (17.5ms)
Completed 200 OK in 3704ms (Views: 3689.0ms | ActiveRecord: 0.0ms)


Started GET "/assets/application.self-7c9bba19da87a230b5a1b290cd033169ae09601a2600b5e9bcddd178c554880f.css?body=1" for 127.0.0.1 at 2016-02-25 11:55:32 +0100


Started GET "/assets/jquery.self-c64a74367bda6ef8b860f19e74df08927ca99d2be2ac934e9e92d5fd361e0da4.js?body=1" for 127.0.0.1 at 2016-02-25 11:55:32 +0100


Started GET "/assets/jquery_ujs.self-d602bdfe68ffc63b9f9cc512872aa3cfff046228a0a36e90dd476e8ef54c1b09.js?body=1" for 127.0.0.1 at 2016-02-25 11:55:32 +0100


Started GET "/assets/turbolinks.self-c37727e9bd6b2735da5c311aa83fead54ed0be6cc8bd9a65309e9c5abe2cbfff.js?body=1" for 127.0.0.1 at 2016-02-25 11:55:32 +0100


Started GET "/assets/bootstrap/affix.self-3555752f8a930795ee9e56751a52e6871104ae85d01b3ab8363da3802a5ecc78.js?body=1" for 127.0.0.1 at 2016-02-25 11:55:32 +0100


Started GET "/assets/bootstrap/alert.self-d8b7bd612b3dcfdefb7b5539b9d5848d66ccbd3e7af8bb8d48bfb3288aaa7be8.js?body=1" for 127.0.0.1 at 2016-02-25 11:55:32 +0100


Started GET "/assets/bootstrap/button.self-e74d33ba39500940a78d6fa4d2d64f6ca7fd86d60a2149641f7fde7ba711d8a1.js?body=1" for 127.0.0.1 at 2016-02-25 11:55:32 +0100


Started GET "/assets/bootstrap/carousel.self-35d204878d906298e55bc24553e11fd89b980fc4ffe5792fe36af8c0da289c54.js?body=1" for 127.0.0.1 at 2016-02-25 11:55:32 +0100


Started GET "/assets/bootstrap/collapse.self-056c40532d9f0f126ec17e839f60c942f573fbd61a086e7f156306e3fc5e8c1f.js?body=1" for 127.0.0.1 at 2016-02-25 11:55:32 +0100


Started GET "/assets/bootstrap/dropdown.self-e56c2ffee4618411d43ecf15c89273f6223847ad756e1cd17545d04afa732ed4.js?body=1" for 127.0.0.1 at 2016-02-25 11:55:32 +0100


Started GET "/assets/bootstrap/modal.self-62463080dba6b9d024ff0a3192da0e76eacbc683194f3395047c6f5cfa0acb59.js?body=1" for 127.0.0.1 at 2016-02-25 11:55:32 +0100


Started GET "/assets/bootstrap/scrollspy.self-52afd90e8ba97d9f08617a13986e8869d6c4a45751c0bff59a6f91241e722aca.js?body=1" for 127.0.0.1 at 2016-02-25 11:55:32 +0100


Started GET "/assets/bootstrap/tab.self-dad0d5c377f9fae26394484535ebb23ccf68afae084f896af6ea4cdf8c9f6ae0.js?body=1" for 127.0.0.1 at 2016-02-25 11:55:32 +0100


Started GET "/assets/bootstrap/transition.self-3b268d4cd8c79e46ded7392885f72f64ffb5b0d49948a12b8cf9779f6163e13a.js?body=1" for 127.0.0.1 at 2016-02-25 11:55:32 +0100


Started GET "/assets/bootstrap/tooltip.self-facdc69246a072acb927ded77ff655f7c27a518b9357fddd45d119fbc8a0ab9f.js?body=1" for 127.0.0.1 at 2016-02-25 11:55:32 +0100


Started GET "/assets/bootstrap/popover.self-210cff1fb4b72b71a29b5122180cb5937c8145cd13a934dc838280f1d9607a3e.js?body=1" for 127.0.0.1 at 2016-02-25 11:55:32 +0100


Started GET "/assets/bootstrap-sprockets.self-fbfa5ad7d9aa0afe439ec4ff3883acc4cb92b62cb67c40d674320c9aa1d4642d.js?body=1" for 127.0.0.1 at 2016-02-25 11:55:32 +0100


Started GET "/assets/application.self-f8806224e027f3e3f0138ea9ce99319e298dfdb323304d1f1be6eae8e8c74724.js?body=1" for 127.0.0.1 at 2016-02-25 11:55:32 +0100


Started GET "/users/sign_in" for 127.0.0.1 at 2016-02-25 12:03:44 +0100
  [1m[36mActiveRecord::SchemaMigration Load (0.3ms)[0m  [1mSELECT "schema_migrations".* FROM "schema_migrations"[0m

ActiveRecord::PendingMigrationError - 

Migrations are pending. To resolve this issue, run:

	bin/rake db:migrate RAILS_ENV=development

:
  activerecord (4.2.2) lib/active_record/migration.rb:393:in `check_pending!'
  activerecord (4.2.2) lib/active_record/migration.rb:374:in `call'
  actionpack (4.2.2) lib/action_dispatch/middleware/callbacks.rb:29:in `block in call'
  activesupport (4.2.2) lib/active_support/callbacks.rb:88:in `_run_callbacks'
  activesupport (4.2.2) lib/active_support/callbacks.rb:776:in `_run_call_callbacks'
  activesupport (4.2.2) lib/active_support/callbacks.rb:81:in `run_callbacks'
  actionpack (4.2.2) lib/action_dispatch/middleware/callbacks.rb:27:in `call'
  actionpack (4.2.2) lib/action_dispatch/middleware/reloader.rb:73:in `call'
  actionpack (4.2.2) lib/action_dispatch/middleware/remote_ip.rb:78:in `call'
  better_errors (2.1.1) lib/better_errors/middleware.rb:84:in `protected_app_call'
  better_errors (2.1.1) lib/better_errors/middleware.rb:79:in `better_errors_call'
  better_errors (2.1.1) lib/better_errors/middleware.rb:57:in `call'
  actionpack (4.2.2) lib/action_dispatch/middleware/debug_exceptions.rb:17:in `call'
  web-console (2.3.0) lib/web_console/middleware.rb:28:in `block in call'
  web-console (2.3.0) lib/web_console/middleware.rb:18:in `call'
  actionpack (4.2.2) lib/action_dispatch/middleware/show_exceptions.rb:30:in `call'
  railties (4.2.2) lib/rails/rack/logger.rb:38:in `call_app'
  railties (4.2.2) lib/rails/rack/logger.rb:20:in `block in call'
  activesupport (4.2.2) lib/active_support/tagged_logging.rb:68:in `block in tagged'
  activesupport (4.2.2) lib/active_support/tagged_logging.rb:26:in `tagged'
  activesupport (4.2.2) lib/active_support/tagged_logging.rb:68:in `tagged'
  railties (4.2.2) lib/rails/rack/logger.rb:20:in `call'
  actionpack (4.2.2) lib/action_dispatch/middleware/request_id.rb:21:in `call'
  rack (1.6.4) lib/rack/methodoverride.rb:22:in `call'
  rack (1.6.4) lib/rack/runtime.rb:18:in `call'
  activesupport (4.2.2) lib/active_support/cache/strategy/local_cache_middleware.rb:28:in `call'
  rack (1.6.4) lib/rack/lock.rb:17:in `call'
  actionpack (4.2.2) lib/action_dispatch/middleware/static.rb:113:in `call'
  rack (1.6.4) lib/rack/sendfile.rb:113:in `call'
  railties (4.2.2) lib/rails/engine.rb:518:in `call'
  railties (4.2.2) lib/rails/application.rb:164:in `call'
  rack (1.6.4) lib/rack/content_length.rb:15:in `call'
  thin (1.5.1) lib/thin/connection.rb:81:in `block in pre_process'
  thin (1.5.1) lib/thin/connection.rb:79:in `pre_process'
  thin (1.5.1) lib/thin/connection.rb:54:in `process'
  thin (1.5.1) lib/thin/connection.rb:39:in `receive_data'
  eventmachine (1.0.9.1) lib/eventmachine.rb:193:in `run'
  thin (1.5.1) lib/thin/backends/base.rb:63:in `start'
  thin (1.5.1) lib/thin/server.rb:159:in `start'
  rack (1.6.4) lib/rack/handler/thin.rb:19:in `run'
  rack (1.6.4) lib/rack/server.rb:286:in `start'
  railties (4.2.2) lib/rails/commands/server.rb:80:in `start'
  railties (4.2.2) lib/rails/commands/commands_tasks.rb:80:in `block in server'
  railties (4.2.2) lib/rails/commands/commands_tasks.rb:75:in `server'
  railties (4.2.2) lib/rails/commands/commands_tasks.rb:39:in `run_command!'
  railties (4.2.2) lib/rails/commands.rb:17:in `<top (required)>'
  bin/rails:9:in `<top (required)>'
  spring (1.6.3) lib/spring/client/rails.rb:28:in `call'
  spring (1.6.3) lib/spring/client/command.rb:7:in `call'
  spring (1.6.3) lib/spring/client.rb:28:in `run'
  spring (1.6.3) bin/spring:49:in `<top (required)>'
  spring (1.6.3) lib/spring/binstub.rb:11:in `<top (required)>'
  bin/spring:13:in `<top (required)>'
  bin/rails:3:in `<main>'



Started POST "/__better_errors/b850e3c7cadd78e2/variables" for 127.0.0.1 at 2016-02-25 12:03:44 +0100
  [1m[36mActiveRecord::SchemaMigration Load (0.5ms)[0m  [1mSELECT "schema_migrations".* FROM "schema_migrations"[0m
Migrating to CreateContacts (20160225110117)
  [1m[35m (0.3ms)[0m  BEGIN
  [1m[36m (135.3ms)[0m  [1mCREATE TABLE "contacts" ("id" serial primary key, "username" character varying, "email" character varying, "phone" character varying, "suscribe" boolean, "gender" boolean, "adress" character varying, "citycode" character varying, "city" character varying, "created_at" timestamp NOT NULL, "updated_at" timestamp NOT NULL) [0m
  [1m[35mSQL (0.4ms)[0m  INSERT INTO "schema_migrations" ("version") VALUES ($1)  [["version", "20160225110117"]]
  [1m[36m (21.7ms)[0m  [1mCOMMIT[0m
  [1m[35mActiveRecord::SchemaMigration Load (0.4ms)[0m  SELECT "schema_migrations".* FROM "schema_migrations"
  [1m[36m (4.6ms)[0m  [1mSELECT t2.oid::regclass::text AS to_table, a1.attname AS column, a2.attname AS primary_key, c.conname AS name, c.confupdtype AS on_update, c.confdeltype AS on_delete
FROM pg_constraint c
JOIN pg_class t1 ON c.conrelid = t1.oid
JOIN pg_class t2 ON c.confrelid = t2.oid
JOIN pg_attribute a1 ON a1.attnum = c.conkey[1] AND a1.attrelid = t1.oid
JOIN pg_attribute a2 ON a2.attnum = c.confkey[1] AND a2.attrelid = t2.oid
JOIN pg_namespace t3 ON c.connamespace = t3.oid
WHERE c.contype = 'f'
  AND t1.relname = 'brands'
  AND t3.nspname = ANY (current_schemas(false))
ORDER BY c.conname
[0m
  [1m[35m (3.9ms)[0m  SELECT t2.oid::regclass::text AS to_table, a1.attname AS column, a2.attname AS primary_key, c.conname AS name, c.confupdtype AS on_update, c.confdeltype AS on_delete
FROM pg_constraint c
JOIN pg_class t1 ON c.conrelid = t1.oid
JOIN pg_class t2 ON c.confrelid = t2.oid
JOIN pg_attribute a1 ON a1.attnum = c.conkey[1] AND a1.attrelid = t1.oid
JOIN pg_attribute a2 ON a2.attnum = c.confkey[1] AND a2.attrelid = t2.oid
JOIN pg_namespace t3 ON c.connamespace = t3.oid
WHERE c.contype = 'f'
  AND t1.relname = 'contacts'
  AND t3.nspname = ANY (current_schemas(false))
ORDER BY c.conname

  [1m[36m (4.2ms)[0m  [1mSELECT t2.oid::regclass::text AS to_table, a1.attname AS column, a2.attname AS primary_key, c.conname AS name, c.confupdtype AS on_update, c.confdeltype AS on_delete
FROM pg_constraint c
JOIN pg_class t1 ON c.conrelid = t1.oid
JOIN pg_class t2 ON c.confrelid = t2.oid
JOIN pg_attribute a1 ON a1.attnum = c.conkey[1] AND a1.attrelid = t1.oid
JOIN pg_attribute a2 ON a2.attnum = c.confkey[1] AND a2.attrelid = t2.oid
JOIN pg_namespace t3 ON c.connamespace = t3.oid
WHERE c.contype = 'f'
  AND t1.relname = 'users'
  AND t3.nspname = ANY (current_schemas(false))
ORDER BY c.conname
[0m


Started GET "/users/sign_in" for 127.0.0.1 at 2016-02-25 12:04:09 +0100
  [1m[35mActiveRecord::SchemaMigration Load (0.3ms)[0m  SELECT "schema_migrations".* FROM "schema_migrations"
Processing by Devise::SessionsController#new as HTML
  Rendered devise/shared/_links.html.erb (0.3ms)
  Rendered devise/sessions/new.html.erb within layouts/application (3.3ms)
Completed 200 OK in 321ms (Views: 303.2ms | ActiveRecord: 2.2ms)


Started GET "/assets/application.self-7c9bba19da87a230b5a1b290cd033169ae09601a2600b5e9bcddd178c554880f.css?body=1" for 127.0.0.1 at 2016-02-25 12:04:09 +0100


Started GET "/assets/jquery.self-c64a74367bda6ef8b860f19e74df08927ca99d2be2ac934e9e92d5fd361e0da4.js?body=1" for 127.0.0.1 at 2016-02-25 12:04:09 +0100


Started GET "/assets/jquery_ujs.self-d602bdfe68ffc63b9f9cc512872aa3cfff046228a0a36e90dd476e8ef54c1b09.js?body=1" for 127.0.0.1 at 2016-02-25 12:04:09 +0100


Started GET "/assets/turbolinks.self-c37727e9bd6b2735da5c311aa83fead54ed0be6cc8bd9a65309e9c5abe2cbfff.js?body=1" for 127.0.0.1 at 2016-02-25 12:04:09 +0100


Started GET "/assets/bootstrap/affix.self-3555752f8a930795ee9e56751a52e6871104ae85d01b3ab8363da3802a5ecc78.js?body=1" for 127.0.0.1 at 2016-02-25 12:04:09 +0100


Started GET "/assets/bootstrap/alert.self-d8b7bd612b3dcfdefb7b5539b9d5848d66ccbd3e7af8bb8d48bfb3288aaa7be8.js?body=1" for 127.0.0.1 at 2016-02-25 12:04:09 +0100


Started GET "/assets/bootstrap/button.self-e74d33ba39500940a78d6fa4d2d64f6ca7fd86d60a2149641f7fde7ba711d8a1.js?body=1" for 127.0.0.1 at 2016-02-25 12:04:09 +0100


Started GET "/assets/bootstrap/carousel.self-35d204878d906298e55bc24553e11fd89b980fc4ffe5792fe36af8c0da289c54.js?body=1" for 127.0.0.1 at 2016-02-25 12:04:09 +0100


Started GET "/assets/bootstrap/collapse.self-056c40532d9f0f126ec17e839f60c942f573fbd61a086e7f156306e3fc5e8c1f.js?body=1" for 127.0.0.1 at 2016-02-25 12:04:09 +0100


Started GET "/assets/bootstrap/dropdown.self-e56c2ffee4618411d43ecf15c89273f6223847ad756e1cd17545d04afa732ed4.js?body=1" for 127.0.0.1 at 2016-02-25 12:04:09 +0100


Started GET "/assets/bootstrap/modal.self-62463080dba6b9d024ff0a3192da0e76eacbc683194f3395047c6f5cfa0acb59.js?body=1" for 127.0.0.1 at 2016-02-25 12:04:09 +0100


Started GET "/assets/bootstrap/scrollspy.self-52afd90e8ba97d9f08617a13986e8869d6c4a45751c0bff59a6f91241e722aca.js?body=1" for 127.0.0.1 at 2016-02-25 12:04:09 +0100


Started GET "/assets/bootstrap/tab.self-dad0d5c377f9fae26394484535ebb23ccf68afae084f896af6ea4cdf8c9f6ae0.js?body=1" for 127.0.0.1 at 2016-02-25 12:04:09 +0100


Started GET "/assets/bootstrap/transition.self-3b268d4cd8c79e46ded7392885f72f64ffb5b0d49948a12b8cf9779f6163e13a.js?body=1" for 127.0.0.1 at 2016-02-25 12:04:09 +0100


Started GET "/assets/bootstrap/tooltip.self-facdc69246a072acb927ded77ff655f7c27a518b9357fddd45d119fbc8a0ab9f.js?body=1" for 127.0.0.1 at 2016-02-25 12:04:09 +0100


Started GET "/assets/bootstrap/popover.self-210cff1fb4b72b71a29b5122180cb5937c8145cd13a934dc838280f1d9607a3e.js?body=1" for 127.0.0.1 at 2016-02-25 12:04:09 +0100


Started GET "/assets/bootstrap-sprockets.self-fbfa5ad7d9aa0afe439ec4ff3883acc4cb92b62cb67c40d674320c9aa1d4642d.js?body=1" for 127.0.0.1 at 2016-02-25 12:04:09 +0100


Started GET "/assets/contacts.self-877aef30ae1b040ab8a3aba4e3e309a11d7f2612f44dde450b5c157aa5f95c05.js?body=1" for 127.0.0.1 at 2016-02-25 12:04:09 +0100


Started GET "/assets/application.self-f8806224e027f3e3f0138ea9ce99319e298dfdb323304d1f1be6eae8e8c74724.js?body=1" for 127.0.0.1 at 2016-02-25 12:04:09 +0100


Started GET "/users/sign_up" for 127.0.0.1 at 2016-02-25 12:04:13 +0100
Processing by Devise::RegistrationsController#new as HTML
  Rendered devise/shared/_links.html.erb (0.5ms)
  Rendered devise/registrations/new.html.erb within layouts/application (5.9ms)
Completed 200 OK in 72ms (Views: 70.1ms | ActiveRecord: 0.0ms)


Started GET "/users/sign_up" for 127.0.0.1 at 2016-02-25 12:07:40 +0100
Processing by Devise::RegistrationsController#new as HTML
  Rendered devise/shared/_links.html.erb (0.3ms)
  Rendered devise/registrations/new.html.erb within layouts/application (4.5ms)
Completed 200 OK in 115ms (Views: 113.1ms | ActiveRecord: 0.0ms)


Started GET "/assets/application.self-7c9bba19da87a230b5a1b290cd033169ae09601a2600b5e9bcddd178c554880f.css?body=1" for 127.0.0.1 at 2016-02-25 12:07:40 +0100


Started GET "/assets/jquery.self-c64a74367bda6ef8b860f19e74df08927ca99d2be2ac934e9e92d5fd361e0da4.js?body=1" for 127.0.0.1 at 2016-02-25 12:07:40 +0100


Started GET "/assets/jquery_ujs.self-d602bdfe68ffc63b9f9cc512872aa3cfff046228a0a36e90dd476e8ef54c1b09.js?body=1" for 127.0.0.1 at 2016-02-25 12:07:40 +0100


Started GET "/assets/turbolinks.self-c37727e9bd6b2735da5c311aa83fead54ed0be6cc8bd9a65309e9c5abe2cbfff.js?body=1" for 127.0.0.1 at 2016-02-25 12:07:40 +0100


Started GET "/assets/bootstrap/affix.self-3555752f8a930795ee9e56751a52e6871104ae85d01b3ab8363da3802a5ecc78.js?body=1" for 127.0.0.1 at 2016-02-25 12:07:40 +0100


Started GET "/assets/bootstrap/alert.self-d8b7bd612b3dcfdefb7b5539b9d5848d66ccbd3e7af8bb8d48bfb3288aaa7be8.js?body=1" for 127.0.0.1 at 2016-02-25 12:07:40 +0100


Started GET "/assets/bootstrap/button.self-e74d33ba39500940a78d6fa4d2d64f6ca7fd86d60a2149641f7fde7ba711d8a1.js?body=1" for 127.0.0.1 at 2016-02-25 12:07:40 +0100


Started GET "/assets/bootstrap/carousel.self-35d204878d906298e55bc24553e11fd89b980fc4ffe5792fe36af8c0da289c54.js?body=1" for 127.0.0.1 at 2016-02-25 12:07:40 +0100


Started GET "/assets/bootstrap/collapse.self-056c40532d9f0f126ec17e839f60c942f573fbd61a086e7f156306e3fc5e8c1f.js?body=1" for 127.0.0.1 at 2016-02-25 12:07:40 +0100


Started GET "/assets/bootstrap/dropdown.self-e56c2ffee4618411d43ecf15c89273f6223847ad756e1cd17545d04afa732ed4.js?body=1" for 127.0.0.1 at 2016-02-25 12:07:40 +0100


Started GET "/assets/bootstrap/modal.self-62463080dba6b9d024ff0a3192da0e76eacbc683194f3395047c6f5cfa0acb59.js?body=1" for 127.0.0.1 at 2016-02-25 12:07:40 +0100


Started GET "/assets/bootstrap/scrollspy.self-52afd90e8ba97d9f08617a13986e8869d6c4a45751c0bff59a6f91241e722aca.js?body=1" for 127.0.0.1 at 2016-02-25 12:07:40 +0100


Started GET "/assets/bootstrap/tab.self-dad0d5c377f9fae26394484535ebb23ccf68afae084f896af6ea4cdf8c9f6ae0.js?body=1" for 127.0.0.1 at 2016-02-25 12:07:40 +0100


Started GET "/assets/bootstrap/transition.self-3b268d4cd8c79e46ded7392885f72f64ffb5b0d49948a12b8cf9779f6163e13a.js?body=1" for 127.0.0.1 at 2016-02-25 12:07:40 +0100


Started GET "/assets/bootstrap/tooltip.self-facdc69246a072acb927ded77ff655f7c27a518b9357fddd45d119fbc8a0ab9f.js?body=1" for 127.0.0.1 at 2016-02-25 12:07:40 +0100


Started GET "/assets/bootstrap/popover.self-210cff1fb4b72b71a29b5122180cb5937c8145cd13a934dc838280f1d9607a3e.js?body=1" for 127.0.0.1 at 2016-02-25 12:07:40 +0100


Started GET "/assets/bootstrap-sprockets.self-fbfa5ad7d9aa0afe439ec4ff3883acc4cb92b62cb67c40d674320c9aa1d4642d.js?body=1" for 127.0.0.1 at 2016-02-25 12:07:40 +0100


Started GET "/assets/contacts.self-877aef30ae1b040ab8a3aba4e3e309a11d7f2612f44dde450b5c157aa5f95c05.js?body=1" for 127.0.0.1 at 2016-02-25 12:07:40 +0100


Started GET "/assets/application.self-f8806224e027f3e3f0138ea9ce99319e298dfdb323304d1f1be6eae8e8c74724.js?body=1" for 127.0.0.1 at 2016-02-25 12:07:40 +0100


Started GET "/contact/new" for 127.0.0.1 at 2016-02-25 12:08:03 +0100

ActionController::RoutingError (No route matches [GET] "/contact/new"):
  actionpack (4.2.2) lib/action_dispatch/middleware/debug_exceptions.rb:21:in `call'
  web-console (2.3.0) lib/web_console/middleware.rb:28:in `block in call'
  web-console (2.3.0) lib/web_console/middleware.rb:18:in `catch'
  web-console (2.3.0) lib/web_console/middleware.rb:18:in `call'
  actionpack (4.2.2) lib/action_dispatch/middleware/show_exceptions.rb:30:in `call'
  railties (4.2.2) lib/rails/rack/logger.rb:38:in `call_app'
  railties (4.2.2) lib/rails/rack/logger.rb:20:in `block in call'
  activesupport (4.2.2) lib/active_support/tagged_logging.rb:68:in `block in tagged'
  activesupport (4.2.2) lib/active_support/tagged_logging.rb:26:in `tagged'
  activesupport (4.2.2) lib/active_support/tagged_logging.rb:68:in `tagged'
  railties (4.2.2) lib/rails/rack/logger.rb:20:in `call'
  actionpack (4.2.2) lib/action_dispatch/middleware/request_id.rb:21:in `call'
  rack (1.6.4) lib/rack/methodoverride.rb:22:in `call'
  rack (1.6.4) lib/rack/runtime.rb:18:in `call'
  activesupport (4.2.2) lib/active_support/cache/strategy/local_cache_middleware.rb:28:in `call'
  rack (1.6.4) lib/rack/lock.rb:17:in `call'
  actionpack (4.2.2) lib/action_dispatch/middleware/static.rb:113:in `call'
  rack (1.6.4) lib/rack/sendfile.rb:113:in `call'
  railties (4.2.2) lib/rails/engine.rb:518:in `call'
  railties (4.2.2) lib/rails/application.rb:164:in `call'
  rack (1.6.4) lib/rack/content_length.rb:15:in `call'
  thin (1.5.1) lib/thin/connection.rb:81:in `block in pre_process'
  thin (1.5.1) lib/thin/connection.rb:79:in `catch'
  thin (1.5.1) lib/thin/connection.rb:79:in `pre_process'
  thin (1.5.1) lib/thin/connection.rb:54:in `process'
  thin (1.5.1) lib/thin/connection.rb:39:in `receive_data'
  eventmachine (1.0.9.1) lib/eventmachine.rb:193:in `run_machine'
  eventmachine (1.0.9.1) lib/eventmachine.rb:193:in `run'
  thin (1.5.1) lib/thin/backends/base.rb:63:in `start'
  thin (1.5.1) lib/thin/server.rb:159:in `start'
  rack (1.6.4) lib/rack/handler/thin.rb:19:in `run'
  rack (1.6.4) lib/rack/server.rb:286:in `start'
  railties (4.2.2) lib/rails/commands/server.rb:80:in `start'
  railties (4.2.2) lib/rails/commands/commands_tasks.rb:80:in `block in server'
  railties (4.2.2) lib/rails/commands/commands_tasks.rb:75:in `tap'
  railties (4.2.2) lib/rails/commands/commands_tasks.rb:75:in `server'
  railties (4.2.2) lib/rails/commands/commands_tasks.rb:39:in `run_command!'
  railties (4.2.2) lib/rails/commands.rb:17:in `<top (required)>'
  bin/rails:9:in `require'
  bin/rails:9:in `<top (required)>'
  spring (1.6.3) lib/spring/client/rails.rb:28:in `load'
  spring (1.6.3) lib/spring/client/rails.rb:28:in `call'
  spring (1.6.3) lib/spring/client/command.rb:7:in `call'
  spring (1.6.3) lib/spring/client.rb:28:in `run'
  spring (1.6.3) bin/spring:49:in `<top (required)>'
  spring (1.6.3) lib/spring/binstub.rb:11:in `load'
  spring (1.6.3) lib/spring/binstub.rb:11:in `<top (required)>'
  bin/spring:13:in `require'
  bin/spring:13:in `<top (required)>'
  bin/rails:3:in `load'
  bin/rails:3:in `<main>'


  Rendered /home/fdefever/.rvm/gems/ruby-2.2.4/gems/actionpack-4.2.2/lib/action_dispatch/middleware/templates/rescues/_trace.html.erb (2.7ms)
  Rendered /home/fdefever/.rvm/gems/ruby-2.2.4/gems/actionpack-4.2.2/lib/action_dispatch/middleware/templates/routes/_route.html.erb (2.2ms)
  Rendered /home/fdefever/.rvm/gems/ruby-2.2.4/gems/actionpack-4.2.2/lib/action_dispatch/middleware/templates/routes/_table.html.erb (10.0ms)
  Rendered /home/fdefever/.rvm/gems/ruby-2.2.4/gems/actionpack-4.2.2/lib/action_dispatch/middleware/templates/rescues/_request_and_response.html.erb (1.5ms)
  Rendered /home/fdefever/.rvm/gems/ruby-2.2.4/gems/actionpack-4.2.2/lib/action_dispatch/middleware/templates/rescues/routing_error.html.erb within rescues/layout (78.6ms)
  Rendered /home/fdefever/.rvm/gems/ruby-2.2.4/gems/web-console-2.3.0/lib/web_console/templates/_markup.html.erb (1.0ms)
  Rendered /home/fdefever/.rvm/gems/ruby-2.2.4/gems/web-console-2.3.0/lib/web_console/templates/_inner_console_markup.html.erb within layouts/inlined_string (0.5ms)
  Rendered /home/fdefever/.rvm/gems/ruby-2.2.4/gems/web-console-2.3.0/lib/web_console/templates/_prompt_box_markup.html.erb within layouts/inlined_string (0.3ms)
  Rendered /home/fdefever/.rvm/gems/ruby-2.2.4/gems/web-console-2.3.0/lib/web_console/templates/style.css.erb within layouts/inlined_string (0.4ms)
  Rendered /home/fdefever/.rvm/gems/ruby-2.2.4/gems/web-console-2.3.0/lib/web_console/templates/console.js.erb within layouts/javascript (24.3ms)
  Rendered /home/fdefever/.rvm/gems/ruby-2.2.4/gems/web-console-2.3.0/lib/web_console/templates/main.js.erb within layouts/javascript (0.3ms)
  Rendered /home/fdefever/.rvm/gems/ruby-2.2.4/gems/web-console-2.3.0/lib/web_console/templates/error_page.js.erb within layouts/javascript (0.4ms)
  Rendered /home/fdefever/.rvm/gems/ruby-2.2.4/gems/web-console-2.3.0/lib/web_console/templates/index.html.erb (55.1ms)


Started GET "/contacts/new" for 127.0.0.1 at 2016-02-25 12:08:35 +0100

SyntaxError - syntax error, unexpected ':', expecting keyword_end
...re_action :authenticate_user! :set_contact, only: [:show, :e...
...                               ^:
  app/controllers/contacts_controller.rb:2:in `'
  activesupport (4.2.2) lib/active_support/dependencies.rb:457:in `block in load_file'
  activesupport (4.2.2) lib/active_support/dependencies.rb:647:in `new_constants_in'
  activesupport (4.2.2) lib/active_support/dependencies.rb:456:in `load_file'
  activesupport (4.2.2) lib/active_support/dependencies.rb:354:in `require_or_load'
  activesupport (4.2.2) lib/active_support/dependencies.rb:494:in `load_missing_constant'
  activesupport (4.2.2) lib/active_support/dependencies.rb:184:in `const_missing'
  activesupport (4.2.2) lib/active_support/inflector/methods.rb:261:in `block in constantize'
  activesupport (4.2.2) lib/active_support/inflector/methods.rb:259:in `constantize'
  activesupport (4.2.2) lib/active_support/dependencies.rb:566:in `get'
  activesupport (4.2.2) lib/active_support/dependencies.rb:597:in `constantize'
  actionpack (4.2.2) lib/action_dispatch/routing/route_set.rb:70:in `controller_reference'
  actionpack (4.2.2) lib/action_dispatch/routing/route_set.rb:60:in `controller'
  actionpack (4.2.2) lib/action_dispatch/routing/route_set.rb:39:in `serve'
  actionpack (4.2.2) lib/action_dispatch/journey/router.rb:43:in `block in serve'
  actionpack (4.2.2) lib/action_dispatch/journey/router.rb:30:in `serve'
  actionpack (4.2.2) lib/action_dispatch/routing/route_set.rb:819:in `call'
  warden (1.2.6) lib/warden/manager.rb:35:in `block in call'
  warden (1.2.6) lib/warden/manager.rb:34:in `call'
  rack (1.6.4) lib/rack/etag.rb:24:in `call'
  rack (1.6.4) lib/rack/conditionalget.rb:25:in `call'
  rack (1.6.4) lib/rack/head.rb:13:in `call'
  actionpack (4.2.2) lib/action_dispatch/middleware/params_parser.rb:27:in `call'
  actionpack (4.2.2) lib/action_dispatch/middleware/flash.rb:260:in `call'
  rack (1.6.4) lib/rack/session/abstract/id.rb:225:in `context'
  rack (1.6.4) lib/rack/session/abstract/id.rb:220:in `call'
  actionpack (4.2.2) lib/action_dispatch/middleware/cookies.rb:560:in `call'
  activerecord (4.2.2) lib/active_record/query_cache.rb:36:in `call'
  activerecord (4.2.2) lib/active_record/connection_adapters/abstract/connection_pool.rb:649:in `call'
  activerecord (4.2.2) lib/active_record/migration.rb:378:in `call'
  actionpack (4.2.2) lib/action_dispatch/middleware/callbacks.rb:29:in `block in call'
  activesupport (4.2.2) lib/active_support/callbacks.rb:88:in `_run_callbacks'
  activesupport (4.2.2) lib/active_support/callbacks.rb:776:in `_run_call_callbacks'
  activesupport (4.2.2) lib/active_support/callbacks.rb:81:in `run_callbacks'
  actionpack (4.2.2) lib/action_dispatch/middleware/callbacks.rb:27:in `call'
  actionpack (4.2.2) lib/action_dispatch/middleware/reloader.rb:73:in `call'
  actionpack (4.2.2) lib/action_dispatch/middleware/remote_ip.rb:78:in `call'
  better_errors (2.1.1) lib/better_errors/middleware.rb:84:in `protected_app_call'
  better_errors (2.1.1) lib/better_errors/middleware.rb:79:in `better_errors_call'
  better_errors (2.1.1) lib/better_errors/middleware.rb:57:in `call'
  actionpack (4.2.2) lib/action_dispatch/middleware/debug_exceptions.rb:17:in `call'
  web-console (2.3.0) lib/web_console/middleware.rb:28:in `block in call'
  web-console (2.3.0) lib/web_console/middleware.rb:18:in `call'
  actionpack (4.2.2) lib/action_dispatch/middleware/show_exceptions.rb:30:in `call'
  railties (4.2.2) lib/rails/rack/logger.rb:38:in `call_app'
  railties (4.2.2) lib/rails/rack/logger.rb:20:in `block in call'
  activesupport (4.2.2) lib/active_support/tagged_logging.rb:68:in `block in tagged'
  activesupport (4.2.2) lib/active_support/tagged_logging.rb:26:in `tagged'
  activesupport (4.2.2) lib/active_support/tagged_logging.rb:68:in `tagged'
  railties (4.2.2) lib/rails/rack/logger.rb:20:in `call'
  actionpack (4.2.2) lib/action_dispatch/middleware/request_id.rb:21:in `call'
  rack (1.6.4) lib/rack/methodoverride.rb:22:in `call'
  rack (1.6.4) lib/rack/runtime.rb:18:in `call'
  activesupport (4.2.2) lib/active_support/cache/strategy/local_cache_middleware.rb:28:in `call'
  rack (1.6.4) lib/rack/lock.rb:17:in `call'
  actionpack (4.2.2) lib/action_dispatch/middleware/static.rb:113:in `call'
  rack (1.6.4) lib/rack/sendfile.rb:113:in `call'
  railties (4.2.2) lib/rails/engine.rb:518:in `call'
  railties (4.2.2) lib/rails/application.rb:164:in `call'
  rack (1.6.4) lib/rack/content_length.rb:15:in `call'
  thin (1.5.1) lib/thin/connection.rb:81:in `block in pre_process'
  thin (1.5.1) lib/thin/connection.rb:79:in `pre_process'
  thin (1.5.1) lib/thin/connection.rb:54:in `process'
  thin (1.5.1) lib/thin/connection.rb:39:in `receive_data'
  eventmachine (1.0.9.1) lib/eventmachine.rb:193:in `run'
  thin (1.5.1) lib/thin/backends/base.rb:63:in `start'
  thin (1.5.1) lib/thin/server.rb:159:in `start'
  rack (1.6.4) lib/rack/handler/thin.rb:19:in `run'
  rack (1.6.4) lib/rack/server.rb:286:in `start'
  railties (4.2.2) lib/rails/commands/server.rb:80:in `start'
  railties (4.2.2) lib/rails/commands/commands_tasks.rb:80:in `block in server'
  railties (4.2.2) lib/rails/commands/commands_tasks.rb:75:in `server'
  railties (4.2.2) lib/rails/commands/commands_tasks.rb:39:in `run_command!'
  railties (4.2.2) lib/rails/commands.rb:17:in `<top (required)>'
  bin/rails:9:in `<top (required)>'
  spring (1.6.3) lib/spring/client/rails.rb:28:in `call'
  spring (1.6.3) lib/spring/client/command.rb:7:in `call'
  spring (1.6.3) lib/spring/client.rb:28:in `run'
  spring (1.6.3) bin/spring:49:in `<top (required)>'
  spring (1.6.3) lib/spring/binstub.rb:11:in `<top (required)>'
  bin/spring:13:in `<top (required)>'
  bin/rails:3:in `<main>'



Started POST "/__better_errors/d4ea8f48ac5336e5/variables" for 127.0.0.1 at 2016-02-25 12:08:35 +0100


Started GET "/" for 127.0.0.1 at 2016-02-25 12:08:46 +0100
Processing by ApplicationController#page_vide as HTML
Completed 401 Unauthorized in 1ms (ActiveRecord: 0.0ms)


Started GET "/users/sign_in" for 127.0.0.1 at 2016-02-25 12:08:46 +0100
Processing by Devise::SessionsController#new as HTML
  Rendered devise/shared/_links.html.erb (0.3ms)
  Rendered devise/sessions/new.html.erb within layouts/application (3.2ms)
Completed 200 OK in 60ms (Views: 58.4ms | ActiveRecord: 0.0ms)


Started GET "/users/sign_up" for 127.0.0.1 at 2016-02-25 12:08:48 +0100
Processing by Devise::RegistrationsController#new as HTML
  Rendered devise/shared/_links.html.erb (0.6ms)
  Rendered devise/registrations/new.html.erb within layouts/application (5.0ms)
Completed 200 OK in 80ms (Views: 78.3ms | ActiveRecord: 0.0ms)


Started POST "/users" for 127.0.0.1 at 2016-02-25 12:09:05 +0100
Processing by Devise::RegistrationsController#create as HTML
  Parameters: {"utf8"=>"✓", "authenticity_token"=>"0cKmHJYNkvgopAg08sNWu5LkquUDuawqgSc8I3UYNwpHqg0Y4iHrIeyUZY16pWjmQlbl6d0vt8SvXEOufvErxA==", "user"=>{"email"=>"fdefever.work@gmail.com", "password"=>"[FILTERED]", "password_confirmation"=>"[FILTERED]"}, "commit"=>"Sign up"}
  [1m[36m (0.2ms)[0m  [1mBEGIN[0m
  [1m[35mUser Exists (1.1ms)[0m  SELECT  1 AS one FROM "users" WHERE "users"."email" = 'fdefever.work@gmail.com' LIMIT 1
  [1m[36mSQL (0.6ms)[0m  [1mINSERT INTO "users" ("email", "encrypted_password", "created_at", "updated_at") VALUES ($1, $2, $3, $4) RETURNING "id"[0m  [["email", "fdefever.work@gmail.com"], ["encrypted_password", "$2a$10$XCZcgtl0kB1/IzOcabnRdOFhJBAr3VNB3i2SQ1qJ3JN46K7v5kHvC"], ["created_at", "2016-02-25 11:09:05.131169"], ["updated_at", "2016-02-25 11:09:05.131169"]]
  [1m[35m (38.2ms)[0m  COMMIT
  [1m[36m (0.2ms)[0m  [1mBEGIN[0m
  [1m[35mSQL (0.4ms)[0m  UPDATE "users" SET "last_sign_in_at" = $1, "current_sign_in_at" = $2, "last_sign_in_ip" = $3, "current_sign_in_ip" = $4, "sign_in_count" = $5, "updated_at" = $6 WHERE "users"."id" = $7  [["last_sign_in_at", "2016-02-25 11:09:05.172175"], ["current_sign_in_at", "2016-02-25 11:09:05.172175"], ["last_sign_in_ip", "127.0.0.1/32"], ["current_sign_in_ip", "127.0.0.1/32"], ["sign_in_count", 1], ["updated_at", "2016-02-25 11:09:05.173037"], ["id", 2]]
  [1m[36m (94.1ms)[0m  [1mCOMMIT[0m
Redirected to http://localhost:3000/
Completed 302 Found in 239ms (ActiveRecord: 134.8ms)


Started GET "/" for 127.0.0.1 at 2016-02-25 12:09:05 +0100
Processing by ApplicationController#page_vide as HTML
  [1m[35mUser Load (0.4ms)[0m  SELECT  "users".* FROM "users" WHERE "users"."id" = $1  ORDER BY "users"."id" ASC LIMIT 1  [["id", 2]]
  Rendered application/page_vide.html.erb within layouts/application (0.9ms)
Completed 200 OK in 58ms (Views: 55.7ms | ActiveRecord: 0.4ms)


Started GET "/contacts/new" for 127.0.0.1 at 2016-02-25 12:09:23 +0100

SyntaxError - syntax error, unexpected ':', expecting keyword_end
...re_action :authenticate_user! :set_contact, only: [:show, :e...
...                               ^:
  app/controllers/contacts_controller.rb:2:in `'
  activesupport (4.2.2) lib/active_support/dependencies.rb:457:in `block in load_file'
  activesupport (4.2.2) lib/active_support/dependencies.rb:647:in `new_constants_in'
  activesupport (4.2.2) lib/active_support/dependencies.rb:456:in `load_file'
  activesupport (4.2.2) lib/active_support/dependencies.rb:354:in `require_or_load'
  activesupport (4.2.2) lib/active_support/dependencies.rb:494:in `load_missing_constant'
  activesupport (4.2.2) lib/active_support/dependencies.rb:184:in `const_missing'
  activesupport (4.2.2) lib/active_support/inflector/methods.rb:261:in `block in constantize'
  activesupport (4.2.2) lib/active_support/inflector/methods.rb:259:in `constantize'
  activesupport (4.2.2) lib/active_support/dependencies.rb:566:in `get'
  activesupport (4.2.2) lib/active_support/dependencies.rb:597:in `constantize'
  actionpack (4.2.2) lib/action_dispatch/routing/route_set.rb:70:in `controller_reference'
  actionpack (4.2.2) lib/action_dispatch/routing/route_set.rb:60:in `controller'
  actionpack (4.2.2) lib/action_dispatch/routing/route_set.rb:39:in `serve'
  actionpack (4.2.2) lib/action_dispatch/journey/router.rb:43:in `block in serve'
  actionpack (4.2.2) lib/action_dispatch/journey/router.rb:30:in `serve'
  actionpack (4.2.2) lib/action_dispatch/routing/route_set.rb:819:in `call'
  warden (1.2.6) lib/warden/manager.rb:35:in `block in call'
  warden (1.2.6) lib/warden/manager.rb:34:in `call'
  rack (1.6.4) lib/rack/etag.rb:24:in `call'
  rack (1.6.4) lib/rack/conditionalget.rb:25:in `call'
  rack (1.6.4) lib/rack/head.rb:13:in `call'
  actionpack (4.2.2) lib/action_dispatch/middleware/params_parser.rb:27:in `call'
  actionpack (4.2.2) lib/action_dispatch/middleware/flash.rb:260:in `call'
  rack (1.6.4) lib/rack/session/abstract/id.rb:225:in `context'
  rack (1.6.4) lib/rack/session/abstract/id.rb:220:in `call'
  actionpack (4.2.2) lib/action_dispatch/middleware/cookies.rb:560:in `call'
  activerecord (4.2.2) lib/active_record/query_cache.rb:36:in `call'
  activerecord (4.2.2) lib/active_record/connection_adapters/abstract/connection_pool.rb:649:in `call'
  activerecord (4.2.2) lib/active_record/migration.rb:378:in `call'
  actionpack (4.2.2) lib/action_dispatch/middleware/callbacks.rb:29:in `block in call'
  activesupport (4.2.2) lib/active_support/callbacks.rb:88:in `_run_callbacks'
  activesupport (4.2.2) lib/active_support/callbacks.rb:776:in `_run_call_callbacks'
  activesupport (4.2.2) lib/active_support/callbacks.rb:81:in `run_callbacks'
  actionpack (4.2.2) lib/action_dispatch/middleware/callbacks.rb:27:in `call'
  actionpack (4.2.2) lib/action_dispatch/middleware/reloader.rb:73:in `call'
  actionpack (4.2.2) lib/action_dispatch/middleware/remote_ip.rb:78:in `call'
  better_errors (2.1.1) lib/better_errors/middleware.rb:84:in `protected_app_call'
  better_errors (2.1.1) lib/better_errors/middleware.rb:79:in `better_errors_call'
  better_errors (2.1.1) lib/better_errors/middleware.rb:57:in `call'
  actionpack (4.2.2) lib/action_dispatch/middleware/debug_exceptions.rb:17:in `call'
  web-console (2.3.0) lib/web_console/middleware.rb:28:in `block in call'
  web-console (2.3.0) lib/web_console/middleware.rb:18:in `call'
  actionpack (4.2.2) lib/action_dispatch/middleware/show_exceptions.rb:30:in `call'
  railties (4.2.2) lib/rails/rack/logger.rb:38:in `call_app'
  railties (4.2.2) lib/rails/rack/logger.rb:20:in `block in call'
  activesupport (4.2.2) lib/active_support/tagged_logging.rb:68:in `block in tagged'
  activesupport (4.2.2) lib/active_support/tagged_logging.rb:26:in `tagged'
  activesupport (4.2.2) lib/active_support/tagged_logging.rb:68:in `tagged'
  railties (4.2.2) lib/rails/rack/logger.rb:20:in `call'
  actionpack (4.2.2) lib/action_dispatch/middleware/request_id.rb:21:in `call'
  rack (1.6.4) lib/rack/methodoverride.rb:22:in `call'
  rack (1.6.4) lib/rack/runtime.rb:18:in `call'
  activesupport (4.2.2) lib/active_support/cache/strategy/local_cache_middleware.rb:28:in `call'
  rack (1.6.4) lib/rack/lock.rb:17:in `call'
  actionpack (4.2.2) lib/action_dispatch/middleware/static.rb:113:in `call'
  rack (1.6.4) lib/rack/sendfile.rb:113:in `call'
  railties (4.2.2) lib/rails/engine.rb:518:in `call'
  railties (4.2.2) lib/rails/application.rb:164:in `call'
  rack (1.6.4) lib/rack/content_length.rb:15:in `call'
  thin (1.5.1) lib/thin/connection.rb:81:in `block in pre_process'
  thin (1.5.1) lib/thin/connection.rb:79:in `pre_process'
  thin (1.5.1) lib/thin/connection.rb:54:in `process'
  thin (1.5.1) lib/thin/connection.rb:39:in `receive_data'
  eventmachine (1.0.9.1) lib/eventmachine.rb:193:in `run'
  thin (1.5.1) lib/thin/backends/base.rb:63:in `start'
  thin (1.5.1) lib/thin/server.rb:159:in `start'
  rack (1.6.4) lib/rack/handler/thin.rb:19:in `run'
  rack (1.6.4) lib/rack/server.rb:286:in `start'
  railties (4.2.2) lib/rails/commands/server.rb:80:in `start'
  railties (4.2.2) lib/rails/commands/commands_tasks.rb:80:in `block in server'
  railties (4.2.2) lib/rails/commands/commands_tasks.rb:75:in `server'
  railties (4.2.2) lib/rails/commands/commands_tasks.rb:39:in `run_command!'
  railties (4.2.2) lib/rails/commands.rb:17:in `<top (required)>'
  bin/rails:9:in `<top (required)>'
  spring (1.6.3) lib/spring/client/rails.rb:28:in `call'
  spring (1.6.3) lib/spring/client/command.rb:7:in `call'
  spring (1.6.3) lib/spring/client.rb:28:in `run'
  spring (1.6.3) bin/spring:49:in `<top (required)>'
  spring (1.6.3) lib/spring/binstub.rb:11:in `<top (required)>'
  bin/spring:13:in `<top (required)>'
  bin/rails:3:in `<main>'



Started POST "/__better_errors/21c5893b84da826d/variables" for 127.0.0.1 at 2016-02-25 12:09:23 +0100


Started GET "/contacts/new" for 127.0.0.1 at 2016-02-25 12:09:46 +0100
Processing by ContactsController#new as HTML
  Rendered contacts/_form.html.erb (4.8ms)
  Rendered contacts/new.html.erb within layouts/application (5.8ms)
Completed 200 OK in 62ms (Views: 51.4ms | ActiveRecord: 1.8ms)


Started GET "/assets/application.self-7c9bba19da87a230b5a1b290cd033169ae09601a2600b5e9bcddd178c554880f.css?body=1" for 127.0.0.1 at 2016-02-25 12:09:46 +0100


Started GET "/assets/jquery.self-c64a74367bda6ef8b860f19e74df08927ca99d2be2ac934e9e92d5fd361e0da4.js?body=1" for 127.0.0.1 at 2016-02-25 12:09:46 +0100


Started GET "/assets/jquery_ujs.self-d602bdfe68ffc63b9f9cc512872aa3cfff046228a0a36e90dd476e8ef54c1b09.js?body=1" for 127.0.0.1 at 2016-02-25 12:09:46 +0100


Started GET "/assets/turbolinks.self-c37727e9bd6b2735da5c311aa83fead54ed0be6cc8bd9a65309e9c5abe2cbfff.js?body=1" for 127.0.0.1 at 2016-02-25 12:09:46 +0100


Started GET "/assets/bootstrap/affix.self-3555752f8a930795ee9e56751a52e6871104ae85d01b3ab8363da3802a5ecc78.js?body=1" for 127.0.0.1 at 2016-02-25 12:09:46 +0100


Started GET "/assets/bootstrap/alert.self-d8b7bd612b3dcfdefb7b5539b9d5848d66ccbd3e7af8bb8d48bfb3288aaa7be8.js?body=1" for 127.0.0.1 at 2016-02-25 12:09:46 +0100


Started GET "/assets/bootstrap/button.self-e74d33ba39500940a78d6fa4d2d64f6ca7fd86d60a2149641f7fde7ba711d8a1.js?body=1" for 127.0.0.1 at 2016-02-25 12:09:46 +0100


Started GET "/assets/bootstrap/carousel.self-35d204878d906298e55bc24553e11fd89b980fc4ffe5792fe36af8c0da289c54.js?body=1" for 127.0.0.1 at 2016-02-25 12:09:46 +0100


Started GET "/assets/bootstrap/collapse.self-056c40532d9f0f126ec17e839f60c942f573fbd61a086e7f156306e3fc5e8c1f.js?body=1" for 127.0.0.1 at 2016-02-25 12:09:46 +0100


Started GET "/assets/bootstrap/dropdown.self-e56c2ffee4618411d43ecf15c89273f6223847ad756e1cd17545d04afa732ed4.js?body=1" for 127.0.0.1 at 2016-02-25 12:09:46 +0100


Started GET "/assets/bootstrap/modal.self-62463080dba6b9d024ff0a3192da0e76eacbc683194f3395047c6f5cfa0acb59.js?body=1" for 127.0.0.1 at 2016-02-25 12:09:46 +0100


Started GET "/assets/bootstrap/scrollspy.self-52afd90e8ba97d9f08617a13986e8869d6c4a45751c0bff59a6f91241e722aca.js?body=1" for 127.0.0.1 at 2016-02-25 12:09:46 +0100


Started GET "/assets/bootstrap/tab.self-dad0d5c377f9fae26394484535ebb23ccf68afae084f896af6ea4cdf8c9f6ae0.js?body=1" for 127.0.0.1 at 2016-02-25 12:09:46 +0100


Started GET "/assets/bootstrap/transition.self-3b268d4cd8c79e46ded7392885f72f64ffb5b0d49948a12b8cf9779f6163e13a.js?body=1" for 127.0.0.1 at 2016-02-25 12:09:46 +0100


Started GET "/assets/bootstrap/tooltip.self-facdc69246a072acb927ded77ff655f7c27a518b9357fddd45d119fbc8a0ab9f.js?body=1" for 127.0.0.1 at 2016-02-25 12:09:46 +0100


Started GET "/assets/bootstrap/popover.self-210cff1fb4b72b71a29b5122180cb5937c8145cd13a934dc838280f1d9607a3e.js?body=1" for 127.0.0.1 at 2016-02-25 12:09:46 +0100


Started GET "/assets/bootstrap-sprockets.self-fbfa5ad7d9aa0afe439ec4ff3883acc4cb92b62cb67c40d674320c9aa1d4642d.js?body=1" for 127.0.0.1 at 2016-02-25 12:09:46 +0100


Started GET "/assets/contacts.self-877aef30ae1b040ab8a3aba4e3e309a11d7f2612f44dde450b5c157aa5f95c05.js?body=1" for 127.0.0.1 at 2016-02-25 12:09:46 +0100


Started GET "/assets/application.self-f8806224e027f3e3f0138ea9ce99319e298dfdb323304d1f1be6eae8e8c74724.js?body=1" for 127.0.0.1 at 2016-02-25 12:09:46 +0100


Started GET "/" for 127.0.0.1 at 2016-02-25 12:14:12 +0100
Processing by ApplicationController#page_vide as HTML
  [1m[36mUser Load (0.3ms)[0m  [1mSELECT  "users".* FROM "users" WHERE "users"."id" = $1  ORDER BY "users"."id" ASC LIMIT 1[0m  [["id", 2]]
  Rendered application/page_vide.html.erb within layouts/application (0.0ms)
Completed 200 OK in 58ms (Views: 35.1ms | ActiveRecord: 1.6ms)


Started GET "/users" for 127.0.0.1 at 2016-02-25 12:14:29 +0100

ActionController::RoutingError (No route matches [GET] "/users"):
  actionpack (4.2.2) lib/action_dispatch/middleware/debug_exceptions.rb:21:in `call'
  web-console (2.3.0) lib/web_console/middleware.rb:28:in `block in call'
  web-console (2.3.0) lib/web_console/middleware.rb:18:in `catch'
  web-console (2.3.0) lib/web_console/middleware.rb:18:in `call'
  actionpack (4.2.2) lib/action_dispatch/middleware/show_exceptions.rb:30:in `call'
  railties (4.2.2) lib/rails/rack/logger.rb:38:in `call_app'
  railties (4.2.2) lib/rails/rack/logger.rb:20:in `block in call'
  activesupport (4.2.2) lib/active_support/tagged_logging.rb:68:in `block in tagged'
  activesupport (4.2.2) lib/active_support/tagged_logging.rb:26:in `tagged'
  activesupport (4.2.2) lib/active_support/tagged_logging.rb:68:in `tagged'
  railties (4.2.2) lib/rails/rack/logger.rb:20:in `call'
  actionpack (4.2.2) lib/action_dispatch/middleware/request_id.rb:21:in `call'
  rack (1.6.4) lib/rack/methodoverride.rb:22:in `call'
  rack (1.6.4) lib/rack/runtime.rb:18:in `call'
  activesupport (4.2.2) lib/active_support/cache/strategy/local_cache_middleware.rb:28:in `call'
  rack (1.6.4) lib/rack/lock.rb:17:in `call'
  actionpack (4.2.2) lib/action_dispatch/middleware/static.rb:113:in `call'
  rack (1.6.4) lib/rack/sendfile.rb:113:in `call'
  railties (4.2.2) lib/rails/engine.rb:518:in `call'
  railties (4.2.2) lib/rails/application.rb:164:in `call'
  rack (1.6.4) lib/rack/content_length.rb:15:in `call'
  thin (1.5.1) lib/thin/connection.rb:81:in `block in pre_process'
  thin (1.5.1) lib/thin/connection.rb:79:in `catch'
  thin (1.5.1) lib/thin/connection.rb:79:in `pre_process'
  thin (1.5.1) lib/thin/connection.rb:54:in `process'
  thin (1.5.1) lib/thin/connection.rb:39:in `receive_data'
  eventmachine (1.0.9.1) lib/eventmachine.rb:193:in `run_machine'
  eventmachine (1.0.9.1) lib/eventmachine.rb:193:in `run'
  thin (1.5.1) lib/thin/backends/base.rb:63:in `start'
  thin (1.5.1) lib/thin/server.rb:159:in `start'
  rack (1.6.4) lib/rack/handler/thin.rb:19:in `run'
  rack (1.6.4) lib/rack/server.rb:286:in `start'
  railties (4.2.2) lib/rails/commands/server.rb:80:in `start'
  railties (4.2.2) lib/rails/commands/commands_tasks.rb:80:in `block in server'
  railties (4.2.2) lib/rails/commands/commands_tasks.rb:75:in `tap'
  railties (4.2.2) lib/rails/commands/commands_tasks.rb:75:in `server'
  railties (4.2.2) lib/rails/commands/commands_tasks.rb:39:in `run_command!'
  railties (4.2.2) lib/rails/commands.rb:17:in `<top (required)>'
  bin/rails:9:in `require'
  bin/rails:9:in `<top (required)>'
  spring (1.6.3) lib/spring/client/rails.rb:28:in `load'
  spring (1.6.3) lib/spring/client/rails.rb:28:in `call'
  spring (1.6.3) lib/spring/client/command.rb:7:in `call'
  spring (1.6.3) lib/spring/client.rb:28:in `run'
  spring (1.6.3) bin/spring:49:in `<top (required)>'
  spring (1.6.3) lib/spring/binstub.rb:11:in `load'
  spring (1.6.3) lib/spring/binstub.rb:11:in `<top (required)>'
  bin/spring:13:in `require'
  bin/spring:13:in `<top (required)>'
  bin/rails:3:in `load'
  bin/rails:3:in `<main>'


  Rendered /home/fdefever/.rvm/gems/ruby-2.2.4/gems/actionpack-4.2.2/lib/action_dispatch/middleware/templates/rescues/_trace.html.erb (1.7ms)
  Rendered /home/fdefever/.rvm/gems/ruby-2.2.4/gems/actionpack-4.2.2/lib/action_dispatch/middleware/templates/routes/_route.html.erb (1.7ms)
  Rendered /home/fdefever/.rvm/gems/ruby-2.2.4/gems/actionpack-4.2.2/lib/action_dispatch/middleware/templates/routes/_table.html.erb (1.0ms)
  Rendered /home/fdefever/.rvm/gems/ruby-2.2.4/gems/actionpack-4.2.2/lib/action_dispatch/middleware/templates/rescues/_request_and_response.html.erb (1.0ms)
  Rendered /home/fdefever/.rvm/gems/ruby-2.2.4/gems/actionpack-4.2.2/lib/action_dispatch/middleware/templates/rescues/routing_error.html.erb within rescues/layout (35.2ms)
  Rendered /home/fdefever/.rvm/gems/ruby-2.2.4/gems/web-console-2.3.0/lib/web_console/templates/_markup.html.erb (0.3ms)
  Rendered /home/fdefever/.rvm/gems/ruby-2.2.4/gems/web-console-2.3.0/lib/web_console/templates/_inner_console_markup.html.erb within layouts/inlined_string (0.3ms)
  Rendered /home/fdefever/.rvm/gems/ruby-2.2.4/gems/web-console-2.3.0/lib/web_console/templates/_prompt_box_markup.html.erb within layouts/inlined_string (0.3ms)
  Rendered /home/fdefever/.rvm/gems/ruby-2.2.4/gems/web-console-2.3.0/lib/web_console/templates/style.css.erb within layouts/inlined_string (0.3ms)
  Rendered /home/fdefever/.rvm/gems/ruby-2.2.4/gems/web-console-2.3.0/lib/web_console/templates/console.js.erb within layouts/javascript (12.7ms)
  Rendered /home/fdefever/.rvm/gems/ruby-2.2.4/gems/web-console-2.3.0/lib/web_console/templates/main.js.erb within layouts/javascript (0.2ms)
  Rendered /home/fdefever/.rvm/gems/ruby-2.2.4/gems/web-console-2.3.0/lib/web_console/templates/error_page.js.erb within layouts/javascript (0.3ms)
  Rendered /home/fdefever/.rvm/gems/ruby-2.2.4/gems/web-console-2.3.0/lib/web_console/templates/index.html.erb (24.5ms)


Started GET "/users/new" for 127.0.0.1 at 2016-02-25 12:14:37 +0100

ActionController::RoutingError (No route matches [GET] "/users/new"):
  actionpack (4.2.2) lib/action_dispatch/middleware/debug_exceptions.rb:21:in `call'
  web-console (2.3.0) lib/web_console/middleware.rb:28:in `block in call'
  web-console (2.3.0) lib/web_console/middleware.rb:18:in `catch'
  web-console (2.3.0) lib/web_console/middleware.rb:18:in `call'
  actionpack (4.2.2) lib/action_dispatch/middleware/show_exceptions.rb:30:in `call'
  railties (4.2.2) lib/rails/rack/logger.rb:38:in `call_app'
  railties (4.2.2) lib/rails/rack/logger.rb:20:in `block in call'
  activesupport (4.2.2) lib/active_support/tagged_logging.rb:68:in `block in tagged'
  activesupport (4.2.2) lib/active_support/tagged_logging.rb:26:in `tagged'
  activesupport (4.2.2) lib/active_support/tagged_logging.rb:68:in `tagged'
  railties (4.2.2) lib/rails/rack/logger.rb:20:in `call'
  actionpack (4.2.2) lib/action_dispatch/middleware/request_id.rb:21:in `call'
  rack (1.6.4) lib/rack/methodoverride.rb:22:in `call'
  rack (1.6.4) lib/rack/runtime.rb:18:in `call'
  activesupport (4.2.2) lib/active_support/cache/strategy/local_cache_middleware.rb:28:in `call'
  rack (1.6.4) lib/rack/lock.rb:17:in `call'
  actionpack (4.2.2) lib/action_dispatch/middleware/static.rb:113:in `call'
  rack (1.6.4) lib/rack/sendfile.rb:113:in `call'
  railties (4.2.2) lib/rails/engine.rb:518:in `call'
  railties (4.2.2) lib/rails/application.rb:164:in `call'
  rack (1.6.4) lib/rack/content_length.rb:15:in `call'
  thin (1.5.1) lib/thin/connection.rb:81:in `block in pre_process'
  thin (1.5.1) lib/thin/connection.rb:79:in `catch'
  thin (1.5.1) lib/thin/connection.rb:79:in `pre_process'
  thin (1.5.1) lib/thin/connection.rb:54:in `process'
  thin (1.5.1) lib/thin/connection.rb:39:in `receive_data'
  eventmachine (1.0.9.1) lib/eventmachine.rb:193:in `run_machine'
  eventmachine (1.0.9.1) lib/eventmachine.rb:193:in `run'
  thin (1.5.1) lib/thin/backends/base.rb:63:in `start'
  thin (1.5.1) lib/thin/server.rb:159:in `start'
  rack (1.6.4) lib/rack/handler/thin.rb:19:in `run'
  rack (1.6.4) lib/rack/server.rb:286:in `start'
  railties (4.2.2) lib/rails/commands/server.rb:80:in `start'
  railties (4.2.2) lib/rails/commands/commands_tasks.rb:80:in `block in server'
  railties (4.2.2) lib/rails/commands/commands_tasks.rb:75:in `tap'
  railties (4.2.2) lib/rails/commands/commands_tasks.rb:75:in `server'
  railties (4.2.2) lib/rails/commands/commands_tasks.rb:39:in `run_command!'
  railties (4.2.2) lib/rails/commands.rb:17:in `<top (required)>'
  bin/rails:9:in `require'
  bin/rails:9:in `<top (required)>'
  spring (1.6.3) lib/spring/client/rails.rb:28:in `load'
  spring (1.6.3) lib/spring/client/rails.rb:28:in `call'
  spring (1.6.3) lib/spring/client/command.rb:7:in `call'
  spring (1.6.3) lib/spring/client.rb:28:in `run'
  spring (1.6.3) bin/spring:49:in `<top (required)>'
  spring (1.6.3) lib/spring/binstub.rb:11:in `load'
  spring (1.6.3) lib/spring/binstub.rb:11:in `<top (required)>'
  bin/spring:13:in `require'
  bin/spring:13:in `<top (required)>'
  bin/rails:3:in `load'
  bin/rails:3:in `<main>'


  Rendered /home/fdefever/.rvm/gems/ruby-2.2.4/gems/actionpack-4.2.2/lib/action_dispatch/middleware/templates/rescues/_trace.html.erb (2.4ms)
  Rendered /home/fdefever/.rvm/gems/ruby-2.2.4/gems/actionpack-4.2.2/lib/action_dispatch/middleware/templates/routes/_route.html.erb (1.8ms)
  Rendered /home/fdefever/.rvm/gems/ruby-2.2.4/gems/actionpack-4.2.2/lib/action_dispatch/middleware/templates/routes/_table.html.erb (1.2ms)
  Rendered /home/fdefever/.rvm/gems/ruby-2.2.4/gems/actionpack-4.2.2/lib/action_dispatch/middleware/templates/rescues/_request_and_response.html.erb (1.1ms)
  Rendered /home/fdefever/.rvm/gems/ruby-2.2.4/gems/actionpack-4.2.2/lib/action_dispatch/middleware/templates/rescues/routing_error.html.erb within rescues/layout (43.2ms)
  Rendered /home/fdefever/.rvm/gems/ruby-2.2.4/gems/web-console-2.3.0/lib/web_console/templates/_markup.html.erb (0.3ms)
  Rendered /home/fdefever/.rvm/gems/ruby-2.2.4/gems/web-console-2.3.0/lib/web_console/templates/_inner_console_markup.html.erb within layouts/inlined_string (0.3ms)
  Rendered /home/fdefever/.rvm/gems/ruby-2.2.4/gems/web-console-2.3.0/lib/web_console/templates/_prompt_box_markup.html.erb within layouts/inlined_string (0.2ms)
  Rendered /home/fdefever/.rvm/gems/ruby-2.2.4/gems/web-console-2.3.0/lib/web_console/templates/style.css.erb within layouts/inlined_string (0.2ms)
  Rendered /home/fdefever/.rvm/gems/ruby-2.2.4/gems/web-console-2.3.0/lib/web_console/templates/console.js.erb within layouts/javascript (14.1ms)
  Rendered /home/fdefever/.rvm/gems/ruby-2.2.4/gems/web-console-2.3.0/lib/web_console/templates/main.js.erb within layouts/javascript (0.2ms)
  Rendered /home/fdefever/.rvm/gems/ruby-2.2.4/gems/web-console-2.3.0/lib/web_console/templates/error_page.js.erb within layouts/javascript (0.3ms)
  Rendered /home/fdefever/.rvm/gems/ruby-2.2.4/gems/web-console-2.3.0/lib/web_console/templates/index.html.erb (27.8ms)


Started GET "/contact/new" for 127.0.0.1 at 2016-02-25 12:14:54 +0100

ActionController::RoutingError (No route matches [GET] "/contact/new"):
  actionpack (4.2.2) lib/action_dispatch/middleware/debug_exceptions.rb:21:in `call'
  web-console (2.3.0) lib/web_console/middleware.rb:28:in `block in call'
  web-console (2.3.0) lib/web_console/middleware.rb:18:in `catch'
  web-console (2.3.0) lib/web_console/middleware.rb:18:in `call'
  actionpack (4.2.2) lib/action_dispatch/middleware/show_exceptions.rb:30:in `call'
  railties (4.2.2) lib/rails/rack/logger.rb:38:in `call_app'
  railties (4.2.2) lib/rails/rack/logger.rb:20:in `block in call'
  activesupport (4.2.2) lib/active_support/tagged_logging.rb:68:in `block in tagged'
  activesupport (4.2.2) lib/active_support/tagged_logging.rb:26:in `tagged'
  activesupport (4.2.2) lib/active_support/tagged_logging.rb:68:in `tagged'
  railties (4.2.2) lib/rails/rack/logger.rb:20:in `call'
  actionpack (4.2.2) lib/action_dispatch/middleware/request_id.rb:21:in `call'
  rack (1.6.4) lib/rack/methodoverride.rb:22:in `call'
  rack (1.6.4) lib/rack/runtime.rb:18:in `call'
  activesupport (4.2.2) lib/active_support/cache/strategy/local_cache_middleware.rb:28:in `call'
  rack (1.6.4) lib/rack/lock.rb:17:in `call'
  actionpack (4.2.2) lib/action_dispatch/middleware/static.rb:113:in `call'
  rack (1.6.4) lib/rack/sendfile.rb:113:in `call'
  railties (4.2.2) lib/rails/engine.rb:518:in `call'
  railties (4.2.2) lib/rails/application.rb:164:in `call'
  rack (1.6.4) lib/rack/content_length.rb:15:in `call'
  thin (1.5.1) lib/thin/connection.rb:81:in `block in pre_process'
  thin (1.5.1) lib/thin/connection.rb:79:in `catch'
  thin (1.5.1) lib/thin/connection.rb:79:in `pre_process'
  thin (1.5.1) lib/thin/connection.rb:54:in `process'
  thin (1.5.1) lib/thin/connection.rb:39:in `receive_data'
  eventmachine (1.0.9.1) lib/eventmachine.rb:193:in `run_machine'
  eventmachine (1.0.9.1) lib/eventmachine.rb:193:in `run'
  thin (1.5.1) lib/thin/backends/base.rb:63:in `start'
  thin (1.5.1) lib/thin/server.rb:159:in `start'
  rack (1.6.4) lib/rack/handler/thin.rb:19:in `run'
  rack (1.6.4) lib/rack/server.rb:286:in `start'
  railties (4.2.2) lib/rails/commands/server.rb:80:in `start'
  railties (4.2.2) lib/rails/commands/commands_tasks.rb:80:in `block in server'
  railties (4.2.2) lib/rails/commands/commands_tasks.rb:75:in `tap'
  railties (4.2.2) lib/rails/commands/commands_tasks.rb:75:in `server'
  railties (4.2.2) lib/rails/commands/commands_tasks.rb:39:in `run_command!'
  railties (4.2.2) lib/rails/commands.rb:17:in `<top (required)>'
  bin/rails:9:in `require'
  bin/rails:9:in `<top (required)>'
  spring (1.6.3) lib/spring/client/rails.rb:28:in `load'
  spring (1.6.3) lib/spring/client/rails.rb:28:in `call'
  spring (1.6.3) lib/spring/client/command.rb:7:in `call'
  spring (1.6.3) lib/spring/client.rb:28:in `run'
  spring (1.6.3) bin/spring:49:in `<top (required)>'
  spring (1.6.3) lib/spring/binstub.rb:11:in `load'
  spring (1.6.3) lib/spring/binstub.rb:11:in `<top (required)>'
  bin/spring:13:in `require'
  bin/spring:13:in `<top (required)>'
  bin/rails:3:in `load'
  bin/rails:3:in `<main>'


  Rendered /home/fdefever/.rvm/gems/ruby-2.2.4/gems/actionpack-4.2.2/lib/action_dispatch/middleware/templates/rescues/_trace.html.erb (2.2ms)
  Rendered /home/fdefever/.rvm/gems/ruby-2.2.4/gems/actionpack-4.2.2/lib/action_dispatch/middleware/templates/routes/_route.html.erb (1.9ms)
  Rendered /home/fdefever/.rvm/gems/ruby-2.2.4/gems/actionpack-4.2.2/lib/action_dispatch/middleware/templates/routes/_table.html.erb (1.1ms)
  Rendered /home/fdefever/.rvm/gems/ruby-2.2.4/gems/actionpack-4.2.2/lib/action_dispatch/middleware/templates/rescues/_request_and_response.html.erb (1.1ms)
  Rendered /home/fdefever/.rvm/gems/ruby-2.2.4/gems/actionpack-4.2.2/lib/action_dispatch/middleware/templates/rescues/routing_error.html.erb within rescues/layout (43.0ms)
  Rendered /home/fdefever/.rvm/gems/ruby-2.2.4/gems/web-console-2.3.0/lib/web_console/templates/_markup.html.erb (0.3ms)
  Rendered /home/fdefever/.rvm/gems/ruby-2.2.4/gems/web-console-2.3.0/lib/web_console/templates/_inner_console_markup.html.erb within layouts/inlined_string (0.2ms)
  Rendered /home/fdefever/.rvm/gems/ruby-2.2.4/gems/web-console-2.3.0/lib/web_console/templates/_prompt_box_markup.html.erb within layouts/inlined_string (0.3ms)
  Rendered /home/fdefever/.rvm/gems/ruby-2.2.4/gems/web-console-2.3.0/lib/web_console/templates/style.css.erb within layouts/inlined_string (0.2ms)
  Rendered /home/fdefever/.rvm/gems/ruby-2.2.4/gems/web-console-2.3.0/lib/web_console/templates/console.js.erb within layouts/javascript (14.1ms)
  Rendered /home/fdefever/.rvm/gems/ruby-2.2.4/gems/web-console-2.3.0/lib/web_console/templates/main.js.erb within layouts/javascript (0.2ms)
  Rendered /home/fdefever/.rvm/gems/ruby-2.2.4/gems/web-console-2.3.0/lib/web_console/templates/error_page.js.erb within layouts/javascript (0.3ms)
  Rendered /home/fdefever/.rvm/gems/ruby-2.2.4/gems/web-console-2.3.0/lib/web_console/templates/index.html.erb (27.5ms)


Started GET "/contacts/new" for 127.0.0.1 at 2016-02-25 12:14:57 +0100
Processing by ContactsController#new as HTML
  Rendered contacts/_form.html.erb (2.7ms)
  Rendered contacts/new.html.erb within layouts/application (3.2ms)
Completed 200 OK in 51ms (Views: 50.5ms | ActiveRecord: 0.0ms)
